<?xml version="1.0" encoding="UTF-8"?>
<!-- Generated by org.testng.reporters.JUnitReportReporter -->
<testsuite hostname="DESKTOP-FA6R54Q" failures="0" tests="4" name="testCases.Users.TC02_GetUser" time="0.366" errors="0" timestamp="2025-05-18T22:16:34 EEST" skipped="0">
  <testcase classname="testCases.Users.TC02_GetUser" name="checkGetUserById_P" time="0.145"/>
  <testcase classname="testCases.Users.TC02_GetUser" name="checkGetUserAfterUpdate_P" time="0.134"/>
  <testcase classname="testCases.Users.TC02_GetUser" name="checkRetrieveAllUsers_P" time="0.057"/>
  <testcase classname="testCases.Users.TC02_GetUser" name="checkGetUserAfterDelete_P" time="0.030"/>
</testsuite> <!-- testCases.Users.TC02_GetUser -->
