<?xml version="1.0" encoding="UTF-8"?>
<!-- Generated by org.testng.reporters.JUnitReportReporter -->
<testsuite hostname="DESKTOP-FA6R54Q" failures="0" tests="1" name="testCases.WishLists.TC04_PartialUpdateForWishList" time="0.033" errors="0" timestamp="2025-05-18T22:05:41 EEST" skipped="0">
  <testcase classname="testCases.WishLists.TC04_PartialUpdateForWishList" name="checkPartialUpdate_P" time="0.033"/>
</testsuite> <!-- testCases.WishLists.TC04_PartialUpdateForWishList -->
