<?xml version="1.0" encoding="UTF-8"?>
<!-- Generated by org.testng.reporters.JUnitReportReporter -->
<testsuite hostname="DESKTOP-FA6R54Q" failures="0" tests="1" name="testCases.Users.TC08_GetUserAfterDelete" time="0.024" errors="0" timestamp="2025-05-16T02:30:19 EEST" skipped="0">
  <testcase classname="testCases.Users.TC08_GetUserAfterDelete" name="checkGetBookAfterDelete_P" time="0.024"/>
</testsuite> <!-- testCases.Users.TC08_GetUserAfterDelete -->
