<?xml version="1.0" encoding="UTF-8"?>
<!-- Generated by org.testng.reporters.JUnitReportReporter -->
<testsuite hostname="DESKTOP-FA6R54Q" failures="0" tests="1" name="testCases.WishLists.TC03_UpdateWishListById" time="0.206" errors="0" timestamp="2025-05-18T21:39:26 EEST" skipped="0">
  <testcase classname="testCases.WishLists.TC03_UpdateWishListById" name="checkUpdateWishListAdded_P" time="0.206"/>
</testsuite> <!-- testCases.WishLists.TC03_UpdateWishListById -->
