<?xml version="1.0" encoding="UTF-8"?>
<!-- Generated by org.testng.reporters.JUnitReportReporter -->
<testsuite hostname="DESKTOP-FA6R54Q" failures="0" tests="4" name="testCases.Users.TC02_GetUser" time="0.306" errors="0" timestamp="2025-05-18T22:05:41 EEST" skipped="0">
  <testcase classname="testCases.Users.TC02_GetUser" name="checkGetUserById_P" time="0.123"/>
  <testcase classname="testCases.Users.TC02_GetUser" name="checkGetUserAfterUpdate_P" time="0.110"/>
  <testcase classname="testCases.Users.TC02_GetUser" name="checkRetrieveAllUsers_P" time="0.052"/>
  <testcase classname="testCases.Users.TC02_GetUser" name="checkGetUserAfterDelete_P" time="0.021"/>
</testsuite> <!-- testCases.Users.TC02_GetUser -->
