<?xml version="1.0" encoding="UTF-8"?>
<!-- Generated by org.testng.reporters.JUnitReportReporter -->
<testsuite hostname="DESKTOP-FA6R54Q" failures="0" tests="1" name="testCases.Users.TC03_UpdateUserById" time="0.175" errors="0" timestamp="2025-05-18T21:46:47 EEST" skipped="0">
  <testcase classname="testCases.Users.TC03_UpdateUserById" name="checkUpdateUserAdded_P" time="0.175"/>
</testsuite> <!-- testCases.Users.TC03_UpdateUserById -->
