<?xml version="1.0" encoding="UTF-8"?>
<!-- Generated by org.testng.reporters.JUnitReportReporter -->
<testsuite hostname="DESKTOP-FA6R54Q" failures="0" tests="1" name="testCases.Users.TC05_DeleteUser" time="0.024" errors="0" timestamp="2025-05-18T22:16:34 EEST" skipped="0">
  <testcase classname="testCases.Users.TC05_DeleteUser" name="checkDeleteUserById_P" time="0.024"/>
</testsuite> <!-- testCases.Users.TC05_DeleteUser -->
