<?xml version="1.0" encoding="UTF-8"?>
<!-- Generated by org.testng.reporters.JUnitReportReporter -->
<testsuite hostname="DESKTOP-FA6R54Q" failures="0" tests="1" name="testCases.Book.TC07_GetBookAfterDelete" time="0.019" errors="0" timestamp="2025-05-17T19:10:48 EEST" skipped="0">
  <testcase classname="testCases.Book.TC07_GetBookAfterDelete" name="checkGetBookAfterDelete_P" time="0.019"/>
</testsuite> <!-- testCases.Book.TC07_GetBookAfterDelete -->
