<?xml version="1.0" encoding="UTF-8"?>
<!-- Generated by org.testng.reporters.JUnitReportReporter -->
<testsuite hostname="DESKTOP-FA6R54Q" failures="0" tests="1" name="testCases.Book.TC05_DeleteBook" time="0.018" errors="0" timestamp="2025-05-17T19:10:48 EEST" skipped="0">
  <testcase classname="testCases.Book.TC05_DeleteBook" name="checkDeleteBookById_P" time="0.018"/>
</testsuite> <!-- testCases.Book.TC05_DeleteBook -->
