<?xml version="1.0" encoding="UTF-8"?>
<!-- Generated by org.testng.reporters.JUnitReportReporter -->
<testsuite hostname="DESKTOP-FA6R54Q" failures="0" tests="4" name="testCases.Book.TC02_GetBook" time="0.494" errors="0" timestamp="2025-05-18T21:42:09 EEST" skipped="0">
  <testcase classname="testCases.Book.TC02_GetBook" name="checkGetBookById_P" time="0.159"/>
  <testcase classname="testCases.Book.TC02_GetBook" name="checkGetBookByIdAfterUpdate_P" time="0.111"/>
  <testcase classname="testCases.Book.TC02_GetBook" name="checkRetrieveAllBooks_P" time="0.196"/>
  <testcase classname="testCases.Book.TC02_GetBook" name="checkGetBookAfterDelete_P" time="0.028"/>
</testsuite> <!-- testCases.Book.TC02_GetBook -->
