<?xml version="1.0" encoding="UTF-8"?>
<!-- Generated by org.testng.reporters.JUnitReportReporter -->
<testsuite hostname="DESKTOP-FA6R54Q" failures="0" tests="4" name="testCases.HouseHolds.TC02_GetHouseHold" time="0.189" errors="0" timestamp="2025-05-18T21:58:49 EEST" skipped="0">
  <testcase classname="testCases.HouseHolds.TC02_GetHouseHold" name="checkGetHouseHoldById_P" time="0.068"/>
  <testcase classname="testCases.HouseHolds.TC02_GetHouseHold" name="checkGetHouseHoldAfterUpdate_P" time="0.053"/>
  <testcase classname="testCases.HouseHolds.TC02_GetHouseHold" name="checkRetrieveAllHouseHold_P" time="0.046"/>
  <testcase classname="testCases.HouseHolds.TC02_GetHouseHold" name="checkGetHouseHoldAfterDelete_P" time="0.022"/>
</testsuite> <!-- testCases.HouseHolds.TC02_GetHouseHold -->
