<?xml version="1.0" encoding="UTF-8"?>
<!-- Generated by org.testng.reporters.JUnitReportReporter -->
<testsuite hostname="DESKTOP-FA6R54Q" failures="0" tests="1" name="testCases.HouseHolds.TC02_GetHouseHoldById" time="0.071" errors="0" timestamp="2025-05-16T02:30:19 EEST" skipped="0">
  <testcase classname="testCases.HouseHolds.TC02_GetHouseHoldById" name="checkGetBookById_P" time="0.071"/>
</testsuite> <!-- testCases.HouseHolds.TC02_GetHouseHoldById -->
