<?xml version="1.0" encoding="UTF-8"?>
<!-- Generated by org.testng.reporters.JUnitReportReporter -->
<testsuite hostname="DESKTOP-FA6R54Q" failures="0" tests="1" name="testCases.Book.TC03_RetrieveAllBooks" time="0.105" errors="0" timestamp="2025-05-17T19:17:44 EEST" skipped="0">
  <testcase classname="testCases.Book.TC03_RetrieveAllBooks" name="checkRetrieveAllBooks_P" time="0.105"/>
</testsuite> <!-- testCases.Book.TC03_RetrieveAllBooks -->
