<?xml version="1.0" encoding="UTF-8"?>
<!-- Generated by org.testng.reporters.JUnitReportReporter -->
<testsuite hostname="DESKTOP-FA6R54Q" failures="0" tests="1" name="testCases.Book.TC04_PartialUpdateForBook" time="0.037" errors="0" timestamp="2025-05-18T21:42:09 EEST" skipped="0">
  <testcase classname="testCases.Book.TC04_PartialUpdateForBook" name="checkPartialUpdate_P" time="0.037"/>
</testsuite> <!-- testCases.Book.TC04_PartialUpdateForBook -->
