<?xml version="1.0" encoding="UTF-8"?>
<!-- Generated by org.testng.reporters.JUnitReportReporter -->
<testsuite hostname="DESKTOP-FA6R54Q" failures="0" tests="4" name="testCases.Book.TC02_GetBook" time="0.407" errors="0" timestamp="2025-05-18T21:16:29 EEST" skipped="0">
  <testcase classname="testCases.Book.TC02_GetBook" name="checkGetBookById_P" time="0.160"/>
  <testcase classname="testCases.Book.TC02_GetBook" name="checkGetBookByIdAfterUpdate_P" time="0.111"/>
  <testcase classname="testCases.Book.TC02_GetBook" name="checkRetrieveAllBooks_P" time="0.107"/>
  <testcase classname="testCases.Book.TC02_GetBook" name="checkGetBookAfterDelete_P" time="0.029"/>
</testsuite> <!-- testCases.Book.TC02_GetBook -->
