<?xml version="1.0" encoding="UTF-8"?>
<!-- Generated by org.testng.reporters.JUnitReportReporter -->
<testsuite hostname="DESKTOP-FA6R54Q" failures="0" tests="4" name="testCases.WishLists.TC02_GetWishListByID" time="0.196" errors="0" timestamp="2025-05-18T21:42:09 EEST" skipped="0">
  <testcase classname="testCases.WishLists.TC02_GetWishListByID" name="checkGetWishListById_P" time="0.076"/>
  <testcase classname="testCases.WishLists.TC02_GetWishListByID" name="checkGetWishListAfterUpdate_P" time="0.066"/>
  <testcase classname="testCases.WishLists.TC02_GetWishListByID" name="checkRetrieveAllWishList_P" time="0.030"/>
  <testcase classname="testCases.WishLists.TC02_GetWishListByID" name="checkGetWishListAfterDelete_P" time="0.024"/>
</testsuite> <!-- testCases.WishLists.TC02_GetWishListByID -->
