<?xml version="1.0" encoding="UTF-8"?>
<!-- Generated by org.testng.reporters.JUnitReportReporter -->
<testsuite hostname="DESKTOP-FA6R54Q" failures="0" tests="1" name="testCases.Users.TC05_GetUserAfterUpdate" time="0.150" errors="0" timestamp="2025-05-16T02:30:19 EEST" skipped="0">
  <testcase classname="testCases.Users.TC05_GetUserAfterUpdate" name="checkGetBookByIdAfterUpdate_P" time="0.150"/>
</testsuite> <!-- testCases.Users.TC05_GetUserAfterUpdate -->
