<?xml version="1.0" encoding="UTF-8"?>
<!-- Generated by org.testng.reporters.JUnitReportReporter -->
<testsuite hostname="DESKTOP-FA6R54Q" failures="0" tests="1" name="testCases.WishLists.TC05_DeleteWishList" time="0.020" errors="0" timestamp="2025-05-18T21:58:49 EEST" skipped="0">
  <testcase classname="testCases.WishLists.TC05_DeleteWishList" name="checkDeleteWishListById_P" time="0.020"/>
</testsuite> <!-- testCases.WishLists.TC05_DeleteWishList -->
