<?xml version="1.0" encoding="UTF-8"?>
<!-- Generated by org.testng.reporters.JUnitReportReporter -->
<testsuite hostname="DESKTOP-FA6R54Q" failures="0" tests="1" name="testCases.WishLists.TC01_CreateWishList" time="0.170" errors="0" timestamp="2025-05-18T22:16:34 EEST" skipped="0">
  <testcase classname="testCases.WishLists.TC01_CreateWishList" name="checkCreateNewWishList_P" time="0.170"/>
</testsuite> <!-- testCases.WishLists.TC01_CreateWishList -->
