<?xml version="1.0" encoding="UTF-8"?>
<!-- Generated by org.testng.reporters.JUnitReportReporter -->
<testsuite hostname="DESKTOP-FA6R54Q" failures="0" tests="1" name="testCases.Users.TC01_CreateUser" time="0.304" errors="0" timestamp="2025-05-18T22:16:34 EEST" skipped="0">
  <testcase classname="testCases.Users.TC01_CreateUser" name="checkCreateNewUser_P" time="0.304"/>
</testsuite> <!-- testCases.Users.TC01_CreateUser -->
