<?xml version="1.0" encoding="UTF-8"?>
<!-- Generated by org.testng.reporters.JUnitReportReporter -->
<testsuite hostname="DESKTOP-FA6R54Q" failures="0" tests="1" name="testCases.Users.TC04_PartialUpdateForUser" time="0.043" errors="0" timestamp="2025-05-16T02:30:19 EEST" skipped="0">
  <testcase classname="testCases.Users.TC04_PartialUpdateForUser" name="checkPartialUpdate_P" time="0.043"/>
</testsuite> <!-- testCases.Users.TC04_PartialUpdateForUser -->
