<?xml version="1.0" encoding="UTF-8"?>
<!-- Generated by org.testng.reporters.JUnitReportReporter -->
<testsuite hostname="DESKTOP-FA6R54Q" failures="0" tests="1" name="testCases.HouseHolds.TC05_DeleteHouseHold" time="0.029" errors="0" timestamp="2025-05-18T21:42:09 EEST" skipped="0">
  <testcase classname="testCases.HouseHolds.TC05_DeleteHouseHold" name="checkDeleteHouseHoldById_P" time="0.029"/>
</testsuite> <!-- testCases.HouseHolds.TC05_DeleteHouseHold -->
