<?xml version="1.0" encoding="UTF-8"?>
<!-- Generated by org.testng.reporters.JUnitReportReporter -->
<testsuite hostname="DESKTOP-FA6R54Q" failures="0" tests="3" name="testCases.Book.TC02_GetBook" time="0.360" errors="0" timestamp="2025-05-17T19:17:44 EEST" skipped="0">
  <testcase classname="testCases.Book.TC02_GetBook" name="checkGetBookById_P" time="0.185"/>
  <testcase classname="testCases.Book.TC02_GetBook" name="checkGetBookById_P" time="0.154"/>
  <testcase classname="testCases.Book.TC02_GetBook" name="checkGetBookAfterDelete_P" time="0.021"/>
</testsuite> <!-- testCases.Book.TC02_GetBook -->
