<?xml version="1.0" encoding="UTF-8"?>
<!-- Generated by org.testng.reporters.JUnitReportReporter -->
<testsuite hostname="DESKTOP-FA6R54Q" failures="0" tests="1" name="testCases.Users.TC02_GetUserByID" time="0.104" errors="0" timestamp="2025-05-16T02:30:19 EEST" skipped="0">
  <testcase classname="testCases.Users.TC02_GetUserByID" name="checkGetBookById_P" time="0.104"/>
</testsuite> <!-- testCases.Users.TC02_GetUserByID -->
