<?xml version="1.0" encoding="UTF-8"?>
<!-- Generated by org.testng.reporters.JUnitReportReporter -->
<testsuite hostname="DESKTOP-FA6R54Q" failures="0" tests="1" name="testCases.HouseHolds.TC03_UpdateHouseHold" time="0.163" errors="0" timestamp="2025-05-18T21:12:02 EEST" skipped="0">
  <testcase classname="testCases.HouseHolds.TC03_UpdateHouseHold" name="checkUpdateHouseHoldAdded_P" time="0.163"/>
</testsuite> <!-- testCases.HouseHolds.TC03_UpdateHouseHold -->
