<?xml version="1.0" encoding="UTF-8"?>
<!-- Generated by org.testng.reporters.JUnitReportReporter -->
<testsuite hostname="DESKTOP-FA6R54Q" failures="0" tests="1" name="testCases.Book.TC01_CreateBook" time="5.794" errors="0" timestamp="2025-05-18T22:05:41 EEST" skipped="0">
  <testcase classname="testCases.Book.TC01_CreateBook" name="checkCreateNewBook_P" time="5.794"/>
</testsuite> <!-- testCases.Book.TC01_CreateBook -->
