<?xml version="1.0" encoding="UTF-8"?>
<!-- Generated by org.testng.reporters.JUnitReportReporter -->
<testsuite hostname="DESKTOP-FA6R54Q" failures="0" tests="1" name="testCases.WishLists.TC01_CreateWishList" time="5.272" errors="0" timestamp="2025-05-18T21:39:26 EEST" skipped="0">
  <testcase classname="testCases.WishLists.TC01_CreateWishList" name="checkCreateNewWishList_P" time="5.272"/>
</testsuite> <!-- testCases.WishLists.TC01_CreateWishList -->
