<?xml version="1.0" encoding="UTF-8"?>
<!-- Generated by org.testng.reporters.JUnitReportReporter -->
<testsuite hostname="DESKTOP-FA6R54Q" failures="0" tests="4" name="testCases.WishLists.TC02_GetWishListByID" time="0.235" errors="0" timestamp="2025-05-18T22:05:41 EEST" skipped="0">
  <testcase classname="testCases.WishLists.TC02_GetWishListByID" name="checkGetWishListById_P" time="0.084"/>
  <testcase classname="testCases.WishLists.TC02_GetWishListByID" name="checkGetWishListAfterUpdate_P" time="0.083"/>
  <testcase classname="testCases.WishLists.TC02_GetWishListByID" name="checkRetrieveAllWishList_P" time="0.042"/>
  <testcase classname="testCases.WishLists.TC02_GetWishListByID" name="checkGetWishListAfterDelete_P" time="0.026"/>
</testsuite> <!-- testCases.WishLists.TC02_GetWishListByID -->
